<?xml version="1.0" encoding="UTF-8"?>
<robot generator="Robot 3.2.2 (Python 3.10.5 on win32)" generated="20230820 14:27:24.820" rpa="false">
<suite id="s1" name="Taram" source="C:\Users\HP\git\robot_taram_reservations\taram">
<suite id="s1-s1" name="Airbnb" source="C:\Users\HP\git\robot_taram_reservations\taram\airbnb">
<suite id="s1-s1-s1" name="Taram Reservations" source="C:\Users\HP\git\robot_taram_reservations\taram\airbnb\taram_reservations.robot">
<test id="s1-s1-s1-t1" name="Airbnb_Reservations">
<kw name="Catenate" library="BuiltIn">
<doc>Catenates the given items together and returns the resulted string.</doc>
<status status="PASS" starttime="20230820 14:27:25.252" endtime="20230820 14:27:25.252"></status>
</kw>
<kw name="Open Browser" library="SeleniumLibrary">
<doc>Opens a new browser instance to the optional ``url``.</doc>
<arguments>
<arg>https://www.airbnb.com/</arg>
<arg>chrome</arg>
</arguments>
<msg timestamp="20230820 14:27:25.254" level="INFO">Opening browser 'chrome' to base url 'https://www.airbnb.com/'.</msg>
<status status="PASS" starttime="20230820 14:27:25.253" endtime="20230820 14:27:31.817"></status>
</kw>
<kw name="Maximize Browser Window" library="SeleniumLibrary">
<doc>Maximizes current browser window.</doc>
<status status="PASS" starttime="20230820 14:27:31.818" endtime="20230820 14:27:32.010"></status>
</kw>
<kw name="Set Browser Implicit Wait" library="SeleniumLibrary">
<doc>Sets the implicit wait value used by Selenium.</doc>
<arguments>
<arg>5</arg>
</arguments>
<status status="PASS" starttime="20230820 14:27:32.010" endtime="20230820 14:27:32.015"></status>
</kw>
<kw name="Sleep" library="BuiltIn">
<doc>Pauses the test executed for the given time.</doc>
<arguments>
<arg>4</arg>
</arguments>
<msg timestamp="20230820 14:27:36.029" level="INFO">Slept 4 seconds</msg>
<status status="PASS" starttime="20230820 14:27:32.018" endtime="20230820 14:27:36.029"></status>
</kw>
<kw name="Press Keys" library="SeleniumLibrary">
<doc>Simulates the user pressing key(s) to an element or on the active browser.</doc>
<arguments>
<arg>XPath=//button[@data-testid='cypress-headernav-profile']</arg>
<arg>ENTER</arg>
</arguments>
<msg timestamp="20230820 14:27:36.031" level="INFO">Sending key(s) ('ENTER',) to XPath=//button[@data-testid='cypress-headernav-profile'] element.</msg>
<msg timestamp="20230820 14:27:36.361" level="INFO">Pressing special key ENTER to element.</msg>
<msg timestamp="20230820 14:27:36.361" level="INFO">Releasing special key ENTER.</msg>
<status status="PASS" starttime="20230820 14:27:36.029" endtime="20230820 14:27:36.420"></status>
</kw>
<kw name="Sleep" library="BuiltIn">
<doc>Pauses the test executed for the given time.</doc>
<arguments>
<arg>1</arg>
</arguments>
<msg timestamp="20230820 14:27:37.431" level="INFO">Slept 1 second</msg>
<status status="PASS" starttime="20230820 14:27:36.421" endtime="20230820 14:27:37.431"></status>
</kw>
<kw name="Click Button" library="SeleniumLibrary">
<doc>Clicks the button identified by ``locator``.</doc>
<arguments>
<arg>XPath=//button[@data-testid='social-auth-button-email']</arg>
</arguments>
<msg timestamp="20230820 14:27:37.432" level="INFO">Clicking button 'XPath=//button[@data-testid='social-auth-button-email']'.</msg>
<status status="PASS" starttime="20230820 14:27:37.432" endtime="20230820 14:27:37.645"></status>
</kw>
<kw name="Sleep" library="BuiltIn">
<doc>Pauses the test executed for the given time.</doc>
<arguments>
<arg>1</arg>
</arguments>
<msg timestamp="20230820 14:27:38.649" level="INFO">Slept 1 second</msg>
<status status="PASS" starttime="20230820 14:27:37.646" endtime="20230820 14:27:38.649"></status>
</kw>
<kw name="Input Text" library="SeleniumLibrary">
<doc>Types the given ``text`` into the text field identified by ``locator``.</doc>
<arguments>
<arg>XPath=//input[@data-testid='email-login-email']</arg>
<arg>chavatr@gmail.com</arg>
</arguments>
<msg timestamp="20230820 14:27:38.650" level="INFO">Typing text 'chavatr@gmail.com' into text field 'XPath=//input[@data-testid='email-login-email']'.</msg>
<status status="PASS" starttime="20230820 14:27:38.650" endtime="20230820 14:27:38.945"></status>
</kw>
<kw name="Sleep" library="BuiltIn">
<doc>Pauses the test executed for the given time.</doc>
<arguments>
<arg>1</arg>
</arguments>
<msg timestamp="20230820 14:27:39.960" level="INFO">Slept 1 second</msg>
<status status="PASS" starttime="20230820 14:27:38.945" endtime="20230820 14:27:39.961"></status>
</kw>
<kw name="Click Button" library="SeleniumLibrary">
<doc>Clicks the button identified by ``locator``.</doc>
<arguments>
<arg>XPath=//button[@data-testid='signup-login-submit-btn']</arg>
</arguments>
<msg timestamp="20230820 14:27:39.962" level="INFO">Clicking button 'XPath=//button[@data-testid='signup-login-submit-btn']'.</msg>
<status status="PASS" starttime="20230820 14:27:39.961" endtime="20230820 14:27:40.085"></status>
</kw>
<kw name="Sleep" library="BuiltIn">
<doc>Pauses the test executed for the given time.</doc>
<arguments>
<arg>1</arg>
</arguments>
<msg timestamp="20230820 14:27:41.096" level="INFO">Slept 1 second</msg>
<status status="PASS" starttime="20230820 14:27:40.087" endtime="20230820 14:27:41.096"></status>
</kw>
<kw name="Input Password" library="SeleniumLibrary">
<doc>Types the given password into the text field identified by ``locator``.</doc>
<arguments>
<arg>//input[@data-testid='email-signup-password']</arg>
<arg>Salva1021?</arg>
</arguments>
<msg timestamp="20230820 14:27:41.099" level="INFO">Typing password into text field '//input[@data-testid='email-signup-password']'.</msg>
<msg timestamp="20230820 14:27:41.155" level="INFO">Temporally setting log level to: NONE</msg>
<msg timestamp="20230820 14:27:41.310" level="INFO">Log level changed from NONE to INFO.</msg>
<status status="PASS" starttime="20230820 14:27:41.097" endtime="20230820 14:27:41.310"></status>
</kw>
<kw name="Press Keys" library="SeleniumLibrary">
<doc>Simulates the user pressing key(s) to an element or on the active browser.</doc>
<arguments>
<arg>//input[@data-testid='email-signup-password']</arg>
<arg>ENTER</arg>
</arguments>
<msg timestamp="20230820 14:27:41.312" level="INFO">Sending key(s) ('ENTER',) to //input[@data-testid='email-signup-password'] element.</msg>
<msg timestamp="20230820 14:27:41.615" level="INFO">Pressing special key ENTER to element.</msg>
<msg timestamp="20230820 14:27:41.616" level="INFO">Releasing special key ENTER.</msg>
<status status="PASS" starttime="20230820 14:27:41.311" endtime="20230820 14:27:41.645"></status>
</kw>
<kw name="Sleep" library="BuiltIn">
<doc>Pauses the test executed for the given time.</doc>
<arguments>
<arg>4</arg>
</arguments>
<msg timestamp="20230820 14:27:45.649" level="INFO">Slept 4 seconds</msg>
<status status="PASS" starttime="20230820 14:27:41.645" endtime="20230820 14:27:45.649"></status>
</kw>
<kw name="Evaluate" library="BuiltIn">
<doc>Evaluates the given expression in Python and returns the result.</doc>
<arguments>
<arg>'{dt:%Y}-{dt:%m}-{dt:%d}'.format(dt=datetime.datetime.now())</arg>
<arg>modules=datetime</arg>
</arguments>
<assign>
<var>${now}</var>
</assign>
<msg timestamp="20230820 14:27:45.651" level="INFO">${now} = 2023-08-20</msg>
<status status="PASS" starttime="20230820 14:27:45.650" endtime="20230820 14:27:45.651"></status>
</kw>
<kw name="Catenate" library="BuiltIn">
<doc>Catenates the given items together and returns the resulted string.</doc>
<arguments>
<arg>SEPARATOR=</arg>
<arg>https://www.airbnb.com/api/v2/download_reservations?_format=for_remy&amp;_limit=80&amp;_offset=0&amp;collection_strategy=for_reservations_list&amp;date_min=</arg>
<arg>${now}</arg>
<arg>&amp;sort_field=start_date&amp;sort_order=asc&amp;status=accepted%2Crequest&amp;page=1&amp;currency=USD&amp;key=d306zoyjsyarp7ifhu67rjxn52tv0t20&amp;locale=en</arg>
</arguments>
<assign>
<var>${Req}</var>
</assign>
<msg timestamp="20230820 14:27:45.652" level="INFO">${Req} = https://www.airbnb.com/api/v2/download_reservations?_format=for_remy&amp;_limit=80&amp;_offset=0&amp;collection_strategy=for_reservations_list&amp;date_min=2023-08-20&amp;sort_field=start_date&amp;sort_order=asc&amp;status=accep...</msg>
<status status="PASS" starttime="20230820 14:27:45.651" endtime="20230820 14:27:45.652"></status>
</kw>
<kw name="Go To" library="SeleniumLibrary">
<doc>Navigates the current browser window to the provided ``url``.</doc>
<arguments>
<arg>${Req}</arg>
</arguments>
<msg timestamp="20230820 14:27:45.653" level="INFO">Opening url 'https://www.airbnb.com/api/v2/download_reservations?_format=for_remy&amp;_limit=80&amp;_offset=0&amp;collection_strategy=for_reservations_list&amp;date_min=2023-08-20&amp;sort_field=start_date&amp;sort_order=asc&amp;status=accepted%2Crequest&amp;page=1&amp;currency=USD&amp;key=d306zoyjsyarp7ifhu67rjxn52tv0t20&amp;locale=en'</msg>
<status status="PASS" starttime="20230820 14:27:45.652" endtime="20230820 14:27:46.967"></status>
</kw>
<kw name="Sleep" library="BuiltIn">
<doc>Pauses the test executed for the given time.</doc>
<arguments>
<arg>4</arg>
</arguments>
<msg timestamp="20230820 14:27:50.984" level="INFO">Slept 4 seconds</msg>
<status status="PASS" starttime="20230820 14:27:46.968" endtime="20230820 14:27:50.984"></status>
</kw>
<kw name="Catenate" library="BuiltIn">
<doc>Catenates the given items together and returns the resulted string.</doc>
<arguments>
<arg>SEPARATOR=</arg>
<arg>https://www.airbnb.com/api/v2/download_reservations?_format=for_remy&amp;_limit=40&amp;_offset=40&amp;collection_strategy=for_reservations_list&amp;date_min=</arg>
<arg>${now}</arg>
<arg>&amp;sort_field=start_date&amp;sort_order=asc&amp;status=accepted%2Crequest&amp;page=2&amp;currency=USD&amp;key=d306zoyjsyarp7ifhu67rjxn52tv0t20&amp;locale=en</arg>
</arguments>
<assign>
<var>${Req}</var>
</assign>
<msg timestamp="20230820 14:27:50.986" level="INFO">${Req} = https://www.airbnb.com/api/v2/download_reservations?_format=for_remy&amp;_limit=40&amp;_offset=40&amp;collection_strategy=for_reservations_list&amp;date_min=2023-08-20&amp;sort_field=start_date&amp;sort_order=asc&amp;status=acce...</msg>
<status status="PASS" starttime="20230820 14:27:50.985" endtime="20230820 14:27:50.986"></status>
</kw>
<kw name="Go To" library="SeleniumLibrary">
<doc>Navigates the current browser window to the provided ``url``.</doc>
<arguments>
<arg>${Req}</arg>
</arguments>
<msg timestamp="20230820 14:27:50.987" level="INFO">Opening url 'https://www.airbnb.com/api/v2/download_reservations?_format=for_remy&amp;_limit=40&amp;_offset=40&amp;collection_strategy=for_reservations_list&amp;date_min=2023-08-20&amp;sort_field=start_date&amp;sort_order=asc&amp;status=accepted%2Crequest&amp;page=2&amp;currency=USD&amp;key=d306zoyjsyarp7ifhu67rjxn52tv0t20&amp;locale=en'</msg>
<status status="PASS" starttime="20230820 14:27:50.986" endtime="20230820 14:27:52.042"></status>
</kw>
<kw name="Sleep" library="BuiltIn">
<doc>Pauses the test executed for the given time.</doc>
<arguments>
<arg>4</arg>
</arguments>
<msg timestamp="20230820 14:27:56.059" level="INFO">Slept 4 seconds</msg>
<status status="PASS" starttime="20230820 14:27:52.043" endtime="20230820 14:27:56.059"></status>
</kw>
<kw name="Catenate" library="BuiltIn">
<doc>Catenates the given items together and returns the resulted string.</doc>
<arguments>
<arg>SEPARATOR=</arg>
<arg>https://www.airbnb.com/api/v2/download_reservations?_format=for_remy&amp;_limit=40&amp;_offset=0&amp;collection_strategy=for_reservations_list&amp;ends_before=</arg>
<arg>${now}</arg>
<arg>&amp;sort_field=end_date&amp;sort_order=desc&amp;status=accepted&amp;page=1&amp;currency=USD&amp;key=d306zoyjsyarp7ifhu67rjxn52tv0t20&amp;locale=en</arg>
</arguments>
<assign>
<var>${Req2}</var>
</assign>
<msg timestamp="20230820 14:27:56.061" level="INFO">${Req2} = https://www.airbnb.com/api/v2/download_reservations?_format=for_remy&amp;_limit=40&amp;_offset=0&amp;collection_strategy=for_reservations_list&amp;ends_before=2023-08-20&amp;sort_field=end_date&amp;sort_order=desc&amp;status=acc...</msg>
<status status="PASS" starttime="20230820 14:27:56.060" endtime="20230820 14:27:56.061"></status>
</kw>
<kw name="Go To" library="SeleniumLibrary">
<doc>Navigates the current browser window to the provided ``url``.</doc>
<arguments>
<arg>${Req2}</arg>
</arguments>
<msg timestamp="20230820 14:27:56.062" level="INFO">Opening url 'https://www.airbnb.com/api/v2/download_reservations?_format=for_remy&amp;_limit=40&amp;_offset=0&amp;collection_strategy=for_reservations_list&amp;ends_before=2023-08-20&amp;sort_field=end_date&amp;sort_order=desc&amp;status=accepted&amp;page=1&amp;currency=USD&amp;key=d306zoyjsyarp7ifhu67rjxn52tv0t20&amp;locale=en'</msg>
<status status="PASS" starttime="20230820 14:27:56.061" endtime="20230820 14:27:57.124"></status>
</kw>
<kw name="Sleep" library="BuiltIn">
<doc>Pauses the test executed for the given time.</doc>
<arguments>
<arg>4</arg>
</arguments>
<msg timestamp="20230820 14:28:01.133" level="INFO">Slept 4 seconds</msg>
<status status="PASS" starttime="20230820 14:27:57.125" endtime="20230820 14:28:01.133"></status>
</kw>
<kw name="Go To" library="SeleniumLibrary">
<doc>Navigates the current browser window to the provided ``url``.</doc>
<arguments>
<arg>https://www.airbnb.com/api/v2/download_reservations?_format=for_remy&amp;_limit=40&amp;_offset=0&amp;collection_strategy=for_reservations_list&amp;sort_field=start_date&amp;sort_order=desc&amp;status=canceled&amp;page=1&amp;currency=USD&amp;key=d306zoyjsyarp7ifhu67rjxn52tv0t20&amp;locale=en</arg>
</arguments>
<msg timestamp="20230820 14:28:01.136" level="INFO">Opening url 'https://www.airbnb.com/api/v2/download_reservations?_format=for_remy&amp;_limit=40&amp;_offset=0&amp;collection_strategy=for_reservations_list&amp;sort_field=start_date&amp;sort_order=desc&amp;status=canceled&amp;page=1&amp;currency=USD&amp;key=d306zoyjsyarp7ifhu67rjxn52tv0t20&amp;locale=en'</msg>
<status status="PASS" starttime="20230820 14:28:01.134" endtime="20230820 14:28:02.824"></status>
</kw>
<kw name="Sleep" library="BuiltIn">
<doc>Pauses the test executed for the given time.</doc>
<arguments>
<arg>4</arg>
</arguments>
<msg timestamp="20230820 14:28:06.828" level="INFO">Slept 4 seconds</msg>
<status status="PASS" starttime="20230820 14:28:02.824" endtime="20230820 14:28:06.828"></status>
</kw>
<status status="PASS" starttime="20230820 14:27:25.250" endtime="20230820 14:28:06.829" critical="yes"></status>
</test>
<status status="PASS" starttime="20230820 14:27:24.905" endtime="20230820 14:28:06.830"></status>
</suite>
<status status="PASS" starttime="20230820 14:27:24.900" endtime="20230820 14:28:06.833"></status>
</suite>
<status status="PASS" starttime="20230820 14:27:24.865" endtime="20230820 14:28:06.836"></status>
</suite>
<statistics>
<total>
<stat pass="1" fail="0">Critical Tests</stat>
<stat pass="1" fail="0">All Tests</stat>
</total>
<tag>
</tag>
<suite>
<stat pass="1" fail="0" id="s1" name="Taram">Taram</stat>
<stat pass="1" fail="0" id="s1-s1" name="Airbnb">Taram.Airbnb</stat>
<stat pass="1" fail="0" id="s1-s1-s1" name="Taram Reservations">Taram.Airbnb.Taram Reservations</stat>
</suite>
</statistics>
<errors>
</errors>
</robot>
