<?xml version="1.0" encoding="UTF-8"?>
<robot generator="Robot 3.2.2 (Python 3.10.5 on win32)" generated="20230820 11:33:30.701" rpa="false">
<suite id="s1" name="Taram Reservations" source="C:\Users\HP\Desktop\Desktop\Workspaces\eclipse_2022\taram\airbnb\taram_reservations.robot">
<test id="s1-t1" name="Airbnb_Reservations">
<kw name="Catenate" library="BuiltIn">
<doc>Catenates the given items together and returns the resulted string.</doc>
<status status="PASS" starttime="20230820 11:33:31.001" endtime="20230820 11:33:31.001"></status>
</kw>
<kw name="Open Browser" library="SeleniumLibrary">
<doc>Opens a new browser instance to the optional ``url``.</doc>
<arguments>
<arg>https://www.airbnb.com/</arg>
<arg>chrome</arg>
</arguments>
<msg timestamp="20230820 11:33:31.001" level="INFO">Opening browser 'chrome' to base url 'https://www.airbnb.com/'.</msg>
<status status="PASS" starttime="20230820 11:33:31.001" endtime="20230820 11:33:33.649"></status>
</kw>
<kw name="Maximize Browser Window" library="SeleniumLibrary">
<doc>Maximizes current browser window.</doc>
<status status="PASS" starttime="20230820 11:33:33.650" endtime="20230820 11:33:34.033"></status>
</kw>
<kw name="Set Browser Implicit Wait" library="SeleniumLibrary">
<doc>Sets the implicit wait value used by Selenium.</doc>
<arguments>
<arg>5</arg>
</arguments>
<status status="PASS" starttime="20230820 11:33:34.083" endtime="20230820 11:33:34.083"></status>
</kw>
<kw name="Sleep" library="BuiltIn">
<doc>Pauses the test executed for the given time.</doc>
<arguments>
<arg>4</arg>
</arguments>
<msg timestamp="20230820 11:33:38.115" level="INFO">Slept 4 seconds</msg>
<status status="PASS" starttime="20230820 11:33:34.102" endtime="20230820 11:33:38.115"></status>
</kw>
<kw name="Press Keys" library="SeleniumLibrary">
<doc>Simulates the user pressing key(s) to an element or on the active browser.</doc>
<arguments>
<arg>XPath=//button[@data-testid='cypress-headernav-profile']</arg>
<arg>ENTER</arg>
</arguments>
<msg timestamp="20230820 11:33:38.117" level="INFO">Sending key(s) ('ENTER',) to XPath=//button[@data-testid='cypress-headernav-profile'] element.</msg>
<msg timestamp="20230820 11:33:38.432" level="INFO">Pressing special key ENTER to element.</msg>
<msg timestamp="20230820 11:33:38.432" level="INFO">Releasing special key ENTER.</msg>
<status status="PASS" starttime="20230820 11:33:38.116" endtime="20230820 11:33:38.479"></status>
</kw>
<kw name="Sleep" library="BuiltIn">
<doc>Pauses the test executed for the given time.</doc>
<arguments>
<arg>1</arg>
</arguments>
<msg timestamp="20230820 11:33:39.496" level="INFO">Slept 1 second</msg>
<status status="PASS" starttime="20230820 11:33:38.480" endtime="20230820 11:33:39.496"></status>
</kw>
<kw name="Click Button" library="SeleniumLibrary">
<doc>Clicks the button identified by ``locator``.</doc>
<arguments>
<arg>XPath=//button[@data-testid='social-auth-button-email']</arg>
</arguments>
<msg timestamp="20230820 11:33:39.496" level="INFO">Clicking button 'XPath=//button[@data-testid='social-auth-button-email']'.</msg>
<status status="PASS" starttime="20230820 11:33:39.496" endtime="20230820 11:33:39.638"></status>
</kw>
<kw name="Sleep" library="BuiltIn">
<doc>Pauses the test executed for the given time.</doc>
<arguments>
<arg>1</arg>
</arguments>
<msg timestamp="20230820 11:33:40.655" level="INFO">Slept 1 second</msg>
<status status="PASS" starttime="20230820 11:33:39.638" endtime="20230820 11:33:40.655"></status>
</kw>
<kw name="Input Text" library="SeleniumLibrary">
<doc>Types the given ``text`` into the text field identified by ``locator``.</doc>
<arguments>
<arg>XPath=//input[@data-testid='email-login-email']</arg>
<arg>chavatr@gmail.com</arg>
</arguments>
<msg timestamp="20230820 11:33:40.657" level="INFO">Typing text 'chavatr@gmail.com' into text field 'XPath=//input[@data-testid='email-login-email']'.</msg>
<status status="PASS" starttime="20230820 11:33:40.657" endtime="20230820 11:33:40.930"></status>
</kw>
<kw name="Sleep" library="BuiltIn">
<doc>Pauses the test executed for the given time.</doc>
<arguments>
<arg>1</arg>
</arguments>
<msg timestamp="20230820 11:33:41.940" level="INFO">Slept 1 second</msg>
<status status="PASS" starttime="20230820 11:33:40.930" endtime="20230820 11:33:41.940"></status>
</kw>
<kw name="Click Button" library="SeleniumLibrary">
<doc>Clicks the button identified by ``locator``.</doc>
<arguments>
<arg>XPath=//button[@data-testid='signup-login-submit-btn']</arg>
</arguments>
<msg timestamp="20230820 11:33:41.942" level="INFO">Clicking button 'XPath=//button[@data-testid='signup-login-submit-btn']'.</msg>
<status status="PASS" starttime="20230820 11:33:41.942" endtime="20230820 11:33:42.080"></status>
</kw>
<kw name="Sleep" library="BuiltIn">
<doc>Pauses the test executed for the given time.</doc>
<arguments>
<arg>1</arg>
</arguments>
<msg timestamp="20230820 11:33:43.100" level="INFO">Slept 1 second</msg>
<status status="PASS" starttime="20230820 11:33:42.080" endtime="20230820 11:33:43.100"></status>
</kw>
<kw name="Input Password" library="SeleniumLibrary">
<doc>Types the given password into the text field identified by ``locator``.</doc>
<arguments>
<arg>//input[@data-testid='email-signup-password']</arg>
<arg>Salva1021?</arg>
</arguments>
<msg timestamp="20230820 11:33:43.101" level="INFO">Typing password into text field '//input[@data-testid='email-signup-password']'.</msg>
<msg timestamp="20230820 11:33:43.157" level="INFO">Temporally setting log level to: NONE</msg>
<msg timestamp="20230820 11:33:43.291" level="INFO">Log level changed from NONE to INFO.</msg>
<status status="PASS" starttime="20230820 11:33:43.101" endtime="20230820 11:33:43.291"></status>
</kw>
<kw name="Press Keys" library="SeleniumLibrary">
<doc>Simulates the user pressing key(s) to an element or on the active browser.</doc>
<arguments>
<arg>//input[@data-testid='email-signup-password']</arg>
<arg>ENTER</arg>
</arguments>
<msg timestamp="20230820 11:33:43.300" level="INFO">Sending key(s) ('ENTER',) to //input[@data-testid='email-signup-password'] element.</msg>
<msg timestamp="20230820 11:33:43.630" level="INFO">Pressing special key ENTER to element.</msg>
<msg timestamp="20230820 11:33:43.631" level="INFO">Releasing special key ENTER.</msg>
<status status="PASS" starttime="20230820 11:33:43.291" endtime="20230820 11:33:43.657"></status>
</kw>
<kw name="Sleep" library="BuiltIn">
<doc>Pauses the test executed for the given time.</doc>
<arguments>
<arg>4</arg>
</arguments>
<msg timestamp="20230820 11:33:47.675" level="INFO">Slept 4 seconds</msg>
<status status="PASS" starttime="20230820 11:33:43.657" endtime="20230820 11:33:47.675"></status>
</kw>
<kw name="Evaluate" library="BuiltIn">
<doc>Evaluates the given expression in Python and returns the result.</doc>
<arguments>
<arg>'{dt:%Y}-{dt:%m}-{dt:%d}'.format(dt=datetime.datetime.now())</arg>
<arg>modules=datetime</arg>
</arguments>
<assign>
<var>${now}</var>
</assign>
<msg timestamp="20230820 11:33:47.676" level="INFO">${now} = 2023-08-20</msg>
<status status="PASS" starttime="20230820 11:33:47.676" endtime="20230820 11:33:47.676"></status>
</kw>
<kw name="Catenate" library="BuiltIn">
<doc>Catenates the given items together and returns the resulted string.</doc>
<arguments>
<arg>SEPARATOR=</arg>
<arg>https://www.airbnb.com/api/v2/download_reservations?_format=for_remy&amp;_limit=80&amp;_offset=0&amp;collection_strategy=for_reservations_list&amp;date_min=</arg>
<arg>${now}</arg>
<arg>&amp;sort_field=start_date&amp;sort_order=asc&amp;status=accepted%2Crequest&amp;page=1&amp;currency=USD&amp;key=d306zoyjsyarp7ifhu67rjxn52tv0t20&amp;locale=en</arg>
</arguments>
<assign>
<var>${Req}</var>
</assign>
<msg timestamp="20230820 11:33:47.677" level="INFO">${Req} = https://www.airbnb.com/api/v2/download_reservations?_format=for_remy&amp;_limit=80&amp;_offset=0&amp;collection_strategy=for_reservations_list&amp;date_min=2023-08-20&amp;sort_field=start_date&amp;sort_order=asc&amp;status=accep...</msg>
<status status="PASS" starttime="20230820 11:33:47.677" endtime="20230820 11:33:47.677"></status>
</kw>
<kw name="Go To" library="SeleniumLibrary">
<doc>Navigates the current browser window to the provided ``url``.</doc>
<arguments>
<arg>${Req}</arg>
</arguments>
<msg timestamp="20230820 11:33:47.678" level="INFO">Opening url 'https://www.airbnb.com/api/v2/download_reservations?_format=for_remy&amp;_limit=80&amp;_offset=0&amp;collection_strategy=for_reservations_list&amp;date_min=2023-08-20&amp;sort_field=start_date&amp;sort_order=asc&amp;status=accepted%2Crequest&amp;page=1&amp;currency=USD&amp;key=d306zoyjsyarp7ifhu67rjxn52tv0t20&amp;locale=en'</msg>
<status status="PASS" starttime="20230820 11:33:47.678" endtime="20230820 11:33:48.565"></status>
</kw>
<kw name="Sleep" library="BuiltIn">
<doc>Pauses the test executed for the given time.</doc>
<arguments>
<arg>4</arg>
</arguments>
<msg timestamp="20230820 11:33:52.576" level="INFO">Slept 4 seconds</msg>
<status status="PASS" starttime="20230820 11:33:48.565" endtime="20230820 11:33:52.576"></status>
</kw>
<kw name="Catenate" library="BuiltIn">
<doc>Catenates the given items together and returns the resulted string.</doc>
<arguments>
<arg>SEPARATOR=</arg>
<arg>https://www.airbnb.com/api/v2/download_reservations?_format=for_remy&amp;_limit=40&amp;_offset=40&amp;collection_strategy=for_reservations_list&amp;date_min=</arg>
<arg>${now}</arg>
<arg>&amp;sort_field=start_date&amp;sort_order=asc&amp;status=accepted%2Crequest&amp;page=2&amp;currency=USD&amp;key=d306zoyjsyarp7ifhu67rjxn52tv0t20&amp;locale=en</arg>
</arguments>
<assign>
<var>${Req}</var>
</assign>
<msg timestamp="20230820 11:33:52.576" level="INFO">${Req} = https://www.airbnb.com/api/v2/download_reservations?_format=for_remy&amp;_limit=40&amp;_offset=40&amp;collection_strategy=for_reservations_list&amp;date_min=2023-08-20&amp;sort_field=start_date&amp;sort_order=asc&amp;status=acce...</msg>
<status status="PASS" starttime="20230820 11:33:52.576" endtime="20230820 11:33:52.576"></status>
</kw>
<kw name="Go To" library="SeleniumLibrary">
<doc>Navigates the current browser window to the provided ``url``.</doc>
<arguments>
<arg>${Req}</arg>
</arguments>
<msg timestamp="20230820 11:33:52.576" level="INFO">Opening url 'https://www.airbnb.com/api/v2/download_reservations?_format=for_remy&amp;_limit=40&amp;_offset=40&amp;collection_strategy=for_reservations_list&amp;date_min=2023-08-20&amp;sort_field=start_date&amp;sort_order=asc&amp;status=accepted%2Crequest&amp;page=2&amp;currency=USD&amp;key=d306zoyjsyarp7ifhu67rjxn52tv0t20&amp;locale=en'</msg>
<status status="PASS" starttime="20230820 11:33:52.576" endtime="20230820 11:33:53.238"></status>
</kw>
<kw name="Sleep" library="BuiltIn">
<doc>Pauses the test executed for the given time.</doc>
<arguments>
<arg>4</arg>
</arguments>
<msg timestamp="20230820 11:33:57.253" level="INFO">Slept 4 seconds</msg>
<status status="PASS" starttime="20230820 11:33:53.239" endtime="20230820 11:33:57.253"></status>
</kw>
<kw name="Catenate" library="BuiltIn">
<doc>Catenates the given items together and returns the resulted string.</doc>
<arguments>
<arg>SEPARATOR=</arg>
<arg>https://www.airbnb.com/api/v2/download_reservations?_format=for_remy&amp;_limit=40&amp;_offset=0&amp;collection_strategy=for_reservations_list&amp;ends_before=</arg>
<arg>${now}</arg>
<arg>&amp;sort_field=end_date&amp;sort_order=desc&amp;status=accepted&amp;page=1&amp;currency=USD&amp;key=d306zoyjsyarp7ifhu67rjxn52tv0t20&amp;locale=en</arg>
</arguments>
<assign>
<var>${Req2}</var>
</assign>
<msg timestamp="20230820 11:33:57.254" level="INFO">${Req2} = https://www.airbnb.com/api/v2/download_reservations?_format=for_remy&amp;_limit=40&amp;_offset=0&amp;collection_strategy=for_reservations_list&amp;ends_before=2023-08-20&amp;sort_field=end_date&amp;sort_order=desc&amp;status=acc...</msg>
<status status="PASS" starttime="20230820 11:33:57.254" endtime="20230820 11:33:57.254"></status>
</kw>
<kw name="Go To" library="SeleniumLibrary">
<doc>Navigates the current browser window to the provided ``url``.</doc>
<arguments>
<arg>${Req2}</arg>
</arguments>
<msg timestamp="20230820 11:33:57.255" level="INFO">Opening url 'https://www.airbnb.com/api/v2/download_reservations?_format=for_remy&amp;_limit=40&amp;_offset=0&amp;collection_strategy=for_reservations_list&amp;ends_before=2023-08-20&amp;sort_field=end_date&amp;sort_order=desc&amp;status=accepted&amp;page=1&amp;currency=USD&amp;key=d306zoyjsyarp7ifhu67rjxn52tv0t20&amp;locale=en'</msg>
<status status="PASS" starttime="20230820 11:33:57.255" endtime="20230820 11:33:58.317"></status>
</kw>
<kw name="Sleep" library="BuiltIn">
<doc>Pauses the test executed for the given time.</doc>
<arguments>
<arg>4</arg>
</arguments>
<msg timestamp="20230820 11:34:02.326" level="INFO">Slept 4 seconds</msg>
<status status="PASS" starttime="20230820 11:33:58.318" endtime="20230820 11:34:02.326"></status>
</kw>
<kw name="Go To" library="SeleniumLibrary">
<doc>Navigates the current browser window to the provided ``url``.</doc>
<arguments>
<arg>https://www.airbnb.com/api/v2/download_reservations?_format=for_remy&amp;_limit=40&amp;_offset=0&amp;collection_strategy=for_reservations_list&amp;sort_field=start_date&amp;sort_order=desc&amp;status=canceled&amp;page=1&amp;currency=USD&amp;key=d306zoyjsyarp7ifhu67rjxn52tv0t20&amp;locale=en</arg>
</arguments>
<msg timestamp="20230820 11:34:02.326" level="INFO">Opening url 'https://www.airbnb.com/api/v2/download_reservations?_format=for_remy&amp;_limit=40&amp;_offset=0&amp;collection_strategy=for_reservations_list&amp;sort_field=start_date&amp;sort_order=desc&amp;status=canceled&amp;page=1&amp;currency=USD&amp;key=d306zoyjsyarp7ifhu67rjxn52tv0t20&amp;locale=en'</msg>
<status status="PASS" starttime="20230820 11:34:02.326" endtime="20230820 11:34:03.785"></status>
</kw>
<kw name="Sleep" library="BuiltIn">
<doc>Pauses the test executed for the given time.</doc>
<arguments>
<arg>4</arg>
</arguments>
<msg timestamp="20230820 11:34:07.792" level="INFO">Slept 4 seconds</msg>
<status status="PASS" starttime="20230820 11:34:03.785" endtime="20230820 11:34:07.792"></status>
</kw>
<status status="PASS" starttime="20230820 11:33:31.001" endtime="20230820 11:34:07.792" critical="yes"></status>
</test>
<status status="PASS" starttime="20230820 11:33:30.701" endtime="20230820 11:34:07.792"></status>
</suite>
<statistics>
<total>
<stat pass="1" fail="0">Critical Tests</stat>
<stat pass="1" fail="0">All Tests</stat>
</total>
<tag>
</tag>
<suite>
<stat pass="1" fail="0" id="s1" name="Taram Reservations">Taram Reservations</stat>
</suite>
</statistics>
<errors>
</errors>
</robot>
